2017-03-30 10:15:32,018 ERROR [errorlog] java.io.FileNotFoundException: C:\Users\l\soapui-settings.xml (¾Ü¾ø·ÃÎÊ¡£)
java.io.FileNotFoundException: C:\Users\l\soapui-settings.xml (¾Ü¾ø·ÃÎÊ¡£)
	at java.io.FileOutputStream.open0(Native Method)
	at java.io.FileOutputStream.open(FileOutputStream.java:270)
	at java.io.FileOutputStream.<init>(FileOutputStream.java:213)
	at java.io.FileOutputStream.<init>(FileOutputStream.java:162)
	at org.apache.xmlbeans.impl.store.Cursor._save(Cursor.java:566)
	at org.apache.xmlbeans.impl.store.Cursor.save(Cursor.java:2526)
	at org.apache.xmlbeans.impl.values.XmlObjectBase.save(XmlObjectBase.java:206)
	at org.apache.xmlbeans.impl.values.XmlObjectBase.save(XmlObjectBase.java:218)
	at com.eviware.soapui.DefaultSoapUICore.saveSettings(DefaultSoapUICore.java:406)
	at com.eviware.soapui.SoapUI.saveSettings(SoapUI.java:1471)
	at com.eviware.soapui.intellij.plugin.SoapUIPlugin.disposeComponent(SoapUIPlugin.java:252)
	at com.intellij.openapi.components.impl.ComponentManagerImpl.disposeComponents(ComponentManagerImpl.java:151)
	at com.intellij.openapi.project.impl.ProjectImpl.dispose(ProjectImpl.java:376)
	at com.intellij.openapi.util.Disposer$1.execute(Disposer.java:48)
	at com.intellij.openapi.util.Disposer$1.execute(Disposer.java:44)
	at com.intellij.openapi.util.objectTree.ObjectNode$1.execute(ObjectNode.java:130)
	at com.intellij.openapi.util.objectTree.ObjectNode$1.execute(ObjectNode.java:106)
	at com.intellij.openapi.util.objectTree.ObjectTree.executeActionWithRecursiveGuard(ObjectTree.java:151)
	at com.intellij.openapi.util.objectTree.ObjectNode.execute(ObjectNode.java:106)
	at com.intellij.openapi.util.objectTree.ObjectTree.executeAll(ObjectTree.java:137)
	at com.intellij.openapi.util.Disposer.dispose(Disposer.java:123)
	at com.intellij.openapi.util.Disposer.dispose(Disposer.java:119)
	at com.intellij.openapi.project.impl.ProjectManagerImpl.a(ProjectManagerImpl.java:608)
	at com.intellij.openapi.application.impl.ApplicationImpl.runWriteAction(ApplicationImpl.java:1023)
	at com.intellij.openapi.project.impl.ProjectManagerImpl.closeProject(ProjectManagerImpl.java:602)
	at com.intellij.openapi.project.impl.ProjectManagerImpl.closeAndDispose(ProjectManagerImpl.java:626)
	at com.intellij.ide.impl.ProjectUtil.closeAndDispose(ProjectUtil.java:89)
	at com.intellij.ide.actions.CloseProjectAction.actionPerformed(CloseProjectAction.java:36)
	at com.intellij.openapi.actionSystem.ex.ActionUtil$1.run(ActionUtil.java:215)
	at com.intellij.openapi.actionSystem.ex.ActionUtil.performActionDumbAware(ActionUtil.java:232)
	at com.intellij.openapi.actionSystem.impl.ActionMenuItem$ActionTransmitter.a(ActionMenuItem.java:309)
	at com.intellij.openapi.wm.impl.FocusManagerImpl.runOnOwnContext(FocusManagerImpl.java:929)
	at com.intellij.openapi.wm.impl.IdeFocusManagerImpl.runOnOwnContext(IdeFocusManagerImpl.java:136)
	at com.intellij.openapi.actionSystem.impl.ActionMenuItem$ActionTransmitter.actionPerformed(ActionMenuItem.java:299)
	at javax.swing.AbstractButton.fireActionPerformed(AbstractButton.java:2022)
	at com.intellij.openapi.actionSystem.impl.ActionMenuItem.a(ActionMenuItem.java:116)
	at com.intellij.openapi.application.TransactionGuardImpl.a(TransactionGuardImpl.java:86)
	at com.intellij.openapi.application.TransactionGuardImpl.a(TransactionGuardImpl.java:109)
	at com.intellij.openapi.application.TransactionGuardImpl.submitTransaction(TransactionGuardImpl.java:118)
	at com.intellij.openapi.application.TransactionGuard.submitTransaction(TransactionGuard.java:122)
	at com.intellij.openapi.actionSystem.impl.ActionMenuItem.fireActionPerformed(ActionMenuItem.java:116)
	at com.intellij.ui.plaf.beg.BegMenuItemUI.a(BegMenuItemUI.java:513)
	at com.intellij.ui.plaf.beg.BegMenuItemUI.access$300(BegMenuItemUI.java:45)
	at com.intellij.ui.plaf.beg.BegMenuItemUI$MyMouseInputHandler.mouseReleased(BegMenuItemUI.java:533)
	at java.awt.Component.processMouseEvent(Component.java:6541)
	at javax.swing.JComponent.processMouseEvent(JComponent.java:3324)
	at java.awt.Component.processEvent(Component.java:6306)
	at java.awt.Container.processEvent(Container.java:2236)
	at java.awt.Component.dispatchEventImpl(Component.java:4897)
	at java.awt.Container.dispatchEventImpl(Container.java:2294)
	at java.awt.Component.dispatchEvent(Component.java:4719)
	at java.awt.LightweightDispatcher.retargetMouseEvent(Container.java:4888)
	at java.awt.LightweightDispatcher.processMouseEvent(Container.java:4525)
	at java.awt.LightweightDispatcher.dispatchEvent(Container.java:4466)
	at java.awt.Container.dispatchEventImpl(Container.java:2280)
	at java.awt.Window.dispatchEventImpl(Window.java:2746)
	at java.awt.Component.dispatchEvent(Component.java:4719)
	at java.awt.EventQueue.dispatchEventImpl(EventQueue.java:764)
	at java.awt.EventQueue.access$500(EventQueue.java:98)
	at java.awt.EventQueue$3.run(EventQueue.java:715)
	at java.awt.EventQueue$3.run(EventQueue.java:709)
	at java.security.AccessController.doPrivileged(Native Method)
	at java.security.ProtectionDomain$JavaSecurityAccessImpl.doIntersectionPrivilege(ProtectionDomain.java:80)
	at java.security.ProtectionDomain$JavaSecurityAccessImpl.doIntersectionPrivilege(ProtectionDomain.java:90)
	at java.awt.EventQueue$4.run(EventQueue.java:737)
	at java.awt.EventQueue$4.run(EventQueue.java:735)
	at java.security.AccessController.doPrivileged(Native Method)
	at java.security.ProtectionDomain$JavaSecurityAccessImpl.doIntersectionPrivilege(ProtectionDomain.java:80)
	at java.awt.EventQueue.dispatchEvent(EventQueue.java:734)
	at com.intellij.ide.IdeEventQueue.d(IdeEventQueue.java:827)
	at com.intellij.ide.IdeEventQueue._dispatchEvent(IdeEventQueue.java:651)
	at com.intellij.ide.IdeEventQueue.dispatchEvent(IdeEventQueue.java:365)
	at java.awt.EventDispatchThread.pumpOneEventForFilters(EventDispatchThread.java:201)
	at java.awt.EventDispatchThread.pumpEventsForFilter(EventDispatchThread.java:116)
	at java.awt.EventDispatchThread.pumpEventsForHierarchy(EventDispatchThread.java:105)
	at java.awt.EventDispatchThread.pumpEvents(EventDispatchThread.java:101)
	at java.awt.EventDispatchThread.pumpEvents(EventDispatchThread.java:93)
	at java.awt.EventDispatchThread.run(EventDispatchThread.java:82)
2017-03-30 17:30:53,182 ERROR [errorlog] java.io.FileNotFoundException: C:\Users\l\soapui-settings.xml (¾Ü¾ø·ÃÎÊ¡£)
java.io.FileNotFoundException: C:\Users\l\soapui-settings.xml (¾Ü¾ø·ÃÎÊ¡£)
	at java.io.FileOutputStream.open0(Native Method)
	at java.io.FileOutputStream.open(FileOutputStream.java:270)
	at java.io.FileOutputStream.<init>(FileOutputStream.java:213)
	at java.io.FileOutputStream.<init>(FileOutputStream.java:162)
	at org.apache.xmlbeans.impl.store.Cursor._save(Cursor.java:566)
	at org.apache.xmlbeans.impl.store.Cursor.save(Cursor.java:2526)
	at org.apache.xmlbeans.impl.values.XmlObjectBase.save(XmlObjectBase.java:206)
	at org.apache.xmlbeans.impl.values.XmlObjectBase.save(XmlObjectBase.java:218)
	at com.eviware.soapui.DefaultSoapUICore.saveSettings(DefaultSoapUICore.java:406)
	at com.eviware.soapui.SoapUI.saveSettings(SoapUI.java:1471)
	at com.eviware.soapui.intellij.plugin.SoapUIPlugin.disposeComponent(SoapUIPlugin.java:252)
	at com.intellij.openapi.components.impl.ComponentManagerImpl.disposeComponents(ComponentManagerImpl.java:151)
	at com.intellij.openapi.project.impl.ProjectImpl.dispose(ProjectImpl.java:376)
	at com.intellij.openapi.util.Disposer$1.execute(Disposer.java:48)
	at com.intellij.openapi.util.Disposer$1.execute(Disposer.java:44)
	at com.intellij.openapi.util.objectTree.ObjectNode$1.execute(ObjectNode.java:130)
	at com.intellij.openapi.util.objectTree.ObjectNode$1.execute(ObjectNode.java:106)
	at com.intellij.openapi.util.objectTree.ObjectTree.executeActionWithRecursiveGuard(ObjectTree.java:151)
	at com.intellij.openapi.util.objectTree.ObjectNode.execute(ObjectNode.java:106)
	at com.intellij.openapi.util.objectTree.ObjectTree.executeAll(ObjectTree.java:137)
	at com.intellij.openapi.util.Disposer.dispose(Disposer.java:123)
	at com.intellij.openapi.util.Disposer.dispose(Disposer.java:119)
	at com.intellij.openapi.project.impl.ProjectManagerImpl.a(ProjectManagerImpl.java:608)
	at com.intellij.openapi.application.impl.ApplicationImpl.runWriteAction(ApplicationImpl.java:1023)
	at com.intellij.openapi.project.impl.ProjectManagerImpl.closeProject(ProjectManagerImpl.java:602)
	at com.intellij.openapi.project.impl.ProjectManagerImpl.closeAndDispose(ProjectManagerImpl.java:626)
	at com.intellij.ide.impl.ProjectUtil.closeAndDispose(ProjectUtil.java:89)
	at com.intellij.ide.actions.CloseProjectAction.actionPerformed(CloseProjectAction.java:36)
	at com.intellij.openapi.actionSystem.ex.ActionUtil$1.run(ActionUtil.java:215)
	at com.intellij.openapi.actionSystem.ex.ActionUtil.performActionDumbAware(ActionUtil.java:232)
	at com.intellij.openapi.actionSystem.impl.ActionMenuItem$ActionTransmitter.a(ActionMenuItem.java:309)
	at com.intellij.openapi.wm.impl.FocusManagerImpl.runOnOwnContext(FocusManagerImpl.java:929)
	at com.intellij.openapi.wm.impl.IdeFocusManagerImpl.runOnOwnContext(IdeFocusManagerImpl.java:136)
	at com.intellij.openapi.actionSystem.impl.ActionMenuItem$ActionTransmitter.actionPerformed(ActionMenuItem.java:299)
	at javax.swing.AbstractButton.fireActionPerformed(AbstractButton.java:2022)
	at com.intellij.openapi.actionSystem.impl.ActionMenuItem.a(ActionMenuItem.java:116)
	at com.intellij.openapi.application.TransactionGuardImpl.a(TransactionGuardImpl.java:86)
	at com.intellij.openapi.application.TransactionGuardImpl.a(TransactionGuardImpl.java:109)
	at com.intellij.openapi.application.TransactionGuardImpl.submitTransaction(TransactionGuardImpl.java:118)
	at com.intellij.openapi.application.TransactionGuard.submitTransaction(TransactionGuard.java:122)
	at com.intellij.openapi.actionSystem.impl.ActionMenuItem.fireActionPerformed(ActionMenuItem.java:116)
	at com.intellij.ui.plaf.beg.BegMenuItemUI.a(BegMenuItemUI.java:513)
	at com.intellij.ui.plaf.beg.BegMenuItemUI.access$300(BegMenuItemUI.java:45)
	at com.intellij.ui.plaf.beg.BegMenuItemUI$MyMouseInputHandler.mouseReleased(BegMenuItemUI.java:533)
	at java.awt.Component.processMouseEvent(Component.java:6541)
	at javax.swing.JComponent.processMouseEvent(JComponent.java:3324)
	at java.awt.Component.processEvent(Component.java:6306)
	at java.awt.Container.processEvent(Container.java:2236)
	at java.awt.Component.dispatchEventImpl(Component.java:4897)
	at java.awt.Container.dispatchEventImpl(Container.java:2294)
	at java.awt.Component.dispatchEvent(Component.java:4719)
	at java.awt.LightweightDispatcher.retargetMouseEvent(Container.java:4888)
	at java.awt.LightweightDispatcher.processMouseEvent(Container.java:4525)
	at java.awt.LightweightDispatcher.dispatchEvent(Container.java:4466)
	at java.awt.Container.dispatchEventImpl(Container.java:2280)
	at java.awt.Window.dispatchEventImpl(Window.java:2746)
	at java.awt.Component.dispatchEvent(Component.java:4719)
	at java.awt.EventQueue.dispatchEventImpl(EventQueue.java:764)
	at java.awt.EventQueue.access$500(EventQueue.java:98)
	at java.awt.EventQueue$3.run(EventQueue.java:715)
	at java.awt.EventQueue$3.run(EventQueue.java:709)
	at java.security.AccessController.doPrivileged(Native Method)
	at java.security.ProtectionDomain$JavaSecurityAccessImpl.doIntersectionPrivilege(ProtectionDomain.java:80)
	at java.security.ProtectionDomain$JavaSecurityAccessImpl.doIntersectionPrivilege(ProtectionDomain.java:90)
	at java.awt.EventQueue$4.run(EventQueue.java:737)
	at java.awt.EventQueue$4.run(EventQueue.java:735)
	at java.security.AccessController.doPrivileged(Native Method)
	at java.security.ProtectionDomain$JavaSecurityAccessImpl.doIntersectionPrivilege(ProtectionDomain.java:80)
	at java.awt.EventQueue.dispatchEvent(EventQueue.java:734)
	at com.intellij.ide.IdeEventQueue.d(IdeEventQueue.java:827)
	at com.intellij.ide.IdeEventQueue._dispatchEvent(IdeEventQueue.java:651)
	at com.intellij.ide.IdeEventQueue.dispatchEvent(IdeEventQueue.java:365)
	at java.awt.EventDispatchThread.pumpOneEventForFilters(EventDispatchThread.java:201)
	at java.awt.EventDispatchThread.pumpEventsForFilter(EventDispatchThread.java:116)
	at java.awt.EventDispatchThread.pumpEventsForHierarchy(EventDispatchThread.java:105)
	at java.awt.EventDispatchThread.pumpEvents(EventDispatchThread.java:101)
	at java.awt.EventDispatchThread.pumpEvents(EventDispatchThread.java:93)
	at java.awt.EventDispatchThread.run(EventDispatchThread.java:82)
